

Microchip Technology PIC LITE Macro Assembler V1.41 build -162212810 
                                                                                               Mon Oct 26 08:29:56 2020

Microchip Technology Omniscient Code Generator v1.41 (Free mode) build 201701250102
     1                           	processor	16F887
     2                           	opt	pw 120
     3                           	opt	lm
     4                           	psect	idataBANK0,global,class=CODE,delta=2
     5                           	psect	cinit,global,class=CODE,merge=1,delta=2
     6                           	psect	dataBANK0,global,class=BANK0,space=1,delta=1
     7                           	psect	inittext,global,class=CODE,delta=2
     8                           	psect	cstackCOMMON,global,class=COMMON,space=1,delta=1
     9                           	psect	cstackBANK0,global,class=BANK0,space=1,delta=1
    10                           	psect	maintext,global,class=CODE,split=1,delta=2
    11                           	psect	text1,local,class=CODE,merge=1,delta=2,group=2
    12                           	psect	text2,local,class=CODE,merge=1,delta=2,group=2
    13                           	psect	text3,local,class=CODE,merge=1,delta=2,group=2
    14                           	psect	text4,local,class=CODE,merge=1,delta=2,group=2
    15                           	dabs	1,0x7E,2
    16  0000                     
    17                           ; Version 1.41
    18                           ; Generated 25/01/2017 GMT
    19                           ; 
    20                           ; Copyright © 2017, Microchip Technology Inc. and its subsidiaries ("Microchip")
    21                           ; All rights reserved.
    22                           ; 
    23                           ; This software is developed by Microchip Technology Inc. and its subsidiaries ("Microch
      +                          ip").
    24                           ; 
    25                           ; Redistribution and use in source and binary forms, with or without modification, are
    26                           ; permitted provided that the following conditions are met:
    27                           ; 
    28                           ;     1. Redistributions of source code must retain the above copyright notice, this lis
      +                          t of
    29                           ;        conditions and the following disclaimer.
    30                           ; 
    31                           ;     2. Redistributions in binary form must reproduce the above copyright notice, this 
      +                          list
    32                           ;        of conditions and the following disclaimer in the documentation and/or other
    33                           ;        materials provided with the distribution.
    34                           ; 
    35                           ;     3. Microchip's name may not be used to endorse or promote products derived from th
      +                          is
    36                           ;        software without specific prior written permission.
    37                           ; 
    38                           ; THIS SOFTWARE IS PROVIDED BY MICROCHIP "AS IS" AND ANY EXPRESS OR IMPLIED WARRANTIES,
    39                           ; INCLUDING, BUT NOT LIMITED TO, THE IMPLIED WARRANTIES OF MERCHANTABILITY AND FITNESS F
      +                          OR
    40                           ; PURPOSE ARE DISCLAIMED.  IN NO EVENT SHALL MICROCHIP BE LIABLE FOR ANY DIRECT, INDIREC
      +                          T,
    41                           ; INCIDENTAL, SPECIAL, EXEMPLARY, OR CONSEQUENTIAL DAMAGES (INCLUDING BUT NOT LIMITED TO
    42                           ; PROCUREMENT OF SUBSTITUTE GOODS OR SERVICES; LOSS OF USE, DATA OR PROFITS; OR BUSINESS
    43                           ; INTERRUPTION) HOWSOEVER CAUSED AND ON ANY THEORY OF LIABILITY, WHETHER IN CONTRACT, ST
      +                          RICT
    44                           ; LIABILITY, OR TORT (INCLUDING NEGLIGENCE OR OTHERWISE) ARISING IN ANY WAY OUT OF THE U
      +                          SE OF
    45                           ; THIS SOFTWARE, EVEN IF ADVISED OF THE POSSIBILITY OF SUCH DAMAGE.
    46                           ; 
    47                           ; 
    48                           ; Code-generator required, PIC16F887 Definitions
    49                           ; 
    50                           ; SFR Addresses
    51  0000                     	;# 
    52  0001                     	;# 
    53  0002                     	;# 
    54  0003                     	;# 
    55  0004                     	;# 
    56  0005                     	;# 
    57  0006                     	;# 
    58  0007                     	;# 
    59  0008                     	;# 
    60  0009                     	;# 
    61  000A                     	;# 
    62  000B                     	;# 
    63  000C                     	;# 
    64  000D                     	;# 
    65  000E                     	;# 
    66  000E                     	;# 
    67  000F                     	;# 
    68  0010                     	;# 
    69  0011                     	;# 
    70  0012                     	;# 
    71  0013                     	;# 
    72  0014                     	;# 
    73  0015                     	;# 
    74  0015                     	;# 
    75  0016                     	;# 
    76  0017                     	;# 
    77  0018                     	;# 
    78  0019                     	;# 
    79  001A                     	;# 
    80  001B                     	;# 
    81  001B                     	;# 
    82  001C                     	;# 
    83  001D                     	;# 
    84  001E                     	;# 
    85  001F                     	;# 
    86  0081                     	;# 
    87  0085                     	;# 
    88  0086                     	;# 
    89  0087                     	;# 
    90  0088                     	;# 
    91  0089                     	;# 
    92  008C                     	;# 
    93  008D                     	;# 
    94  008E                     	;# 
    95  008F                     	;# 
    96  0090                     	;# 
    97  0091                     	;# 
    98  0092                     	;# 
    99  0093                     	;# 
   100  0093                     	;# 
   101  0093                     	;# 
   102  0094                     	;# 
   103  0095                     	;# 
   104  0096                     	;# 
   105  0097                     	;# 
   106  0098                     	;# 
   107  0099                     	;# 
   108  009A                     	;# 
   109  009B                     	;# 
   110  009C                     	;# 
   111  009D                     	;# 
   112  009E                     	;# 
   113  009F                     	;# 
   114  0105                     	;# 
   115  0107                     	;# 
   116  0108                     	;# 
   117  0109                     	;# 
   118  010C                     	;# 
   119  010C                     	;# 
   120  010D                     	;# 
   121  010E                     	;# 
   122  010F                     	;# 
   123  0185                     	;# 
   124  0187                     	;# 
   125  0188                     	;# 
   126  0189                     	;# 
   127  018C                     	;# 
   128  018D                     	;# 
   129                           
   130                           	psect	idataBANK0
   131  05C3                     __pidataBANK0:	
   132                           
   133                           ;initializer for main@F1663
   134  05C3  343F               	retlw	63
   135  05C4  3400               	retlw	0
   136  05C5  3406               	retlw	6
   137  05C6  3400               	retlw	0
   138  05C7  345B               	retlw	91
   139  05C8  3400               	retlw	0
   140  05C9  344F               	retlw	79
   141  05CA  3400               	retlw	0
   142  05CB  3466               	retlw	102
   143  05CC  3400               	retlw	0
   144  05CD  346D               	retlw	109
   145  05CE  3400               	retlw	0
   146  05CF  347C               	retlw	124
   147  05D0  3400               	retlw	0
   148  05D1  3407               	retlw	7
   149  05D2  3400               	retlw	0
   150  05D3  347F               	retlw	127
   151  05D4  3400               	retlw	0
   152  05D5  346F               	retlw	111
   153  05D6  3400               	retlw	0
   154  001A                     _RCREG	set	26
   155  0018                     _RCSTAbits	set	24
   156  0019                     _TXREG	set	25
   157  0018                     _RCSTA	set	24
   158  0008                     _PORTD	set	8
   159  0009                     _PORTE	set	9
   160  00C4                     _CREN	set	196
   161  0065                     _RCIF	set	101
   162  0064                     _TXIF	set	100
   163  0049                     _RE1	set	73
   164  0048                     _RE0	set	72
   165  0098                     _TXSTA	set	152
   166  0099                     _SPBRG	set	153
   167  0088                     _TRISD	set	136
   168  0089                     _TRISE	set	137
   169  043F                     _TRISC7	set	1087
   170  043E                     _TRISC6	set	1086
   171                           
   172                           ; #config settings
   173  0000                     
   174                           	psect	cinit
   175  07F0                     start_initialization:	
   176  07F0                     __initialization:	
   177                           
   178                           ; Initialize objects allocated to BANK0
   179  07F0  1383               	bcf	3,7	;select IRP bank0
   180  07F1  305C               	movlw	low (__pdataBANK0+20)
   181  07F2  00FD               	movwf	btemp+-1
   182  07F3  3005               	movlw	high __pidataBANK0
   183  07F4  00FE               	movwf	btemp
   184  07F5  30C3               	movlw	low __pidataBANK0
   185  07F6  00FF               	movwf	btemp+1
   186  07F7  3048               	movlw	low __pdataBANK0
   187  07F8  0084               	movwf	4
   188  07F9  120A  118A  25B6   	fcall	init_ram0
   189  07FC                     end_of_initialization:	
   190                           ;End of C runtime variable initialization code
   191                           
   192  07FC                     __end_of__initialization:	
   193  07FC  0183               	clrf	3
   194  07FD  120A  118A  2EE9   	ljmp	_main	;jump to C main() function
   195                           
   196                           	psect	dataBANK0
   197  0048                     __pdataBANK0:	
   198  0048                     main@F1663:	
   199  0048                     	ds	20
   200                           
   201                           	psect	inittext
   202  05B2                     init_fetch0:	
   203                           ;	Called with low address in FSR and high address in W
   204                           
   205  05B2  087E               	movf	126,w
   206  05B3  008A               	movwf	10
   207  05B4  087F               	movf	127,w
   208  05B5  0082               	movwf	2
   209  05B6                     init_ram0:	
   210                           ;Called with:
   211                           ;	high address of idata address in btemp 
   212                           ;	low address of idata address in btemp+1 
   213                           ;	low address of data in FSR
   214                           ;	high address + 1 of data in btemp-1
   215                           
   216  05B6  25B2  120A  118A   	fcall	init_fetch0
   217  05B9  0080               	movwf	0
   218  05BA  0A84               	incf	4,f
   219  05BB  0804               	movf	4,w
   220  05BC  067D               	xorwf	125,w
   221  05BD  1903               	btfsc	3,2
   222  05BE  3400               	retlw	0
   223  05BF  0AFF               	incf	127,f
   224  05C0  1903               	btfsc	3,2
   225  05C1  0AFE               	incf	126,f
   226  05C2  2DB6               	goto	init_ram0
   227                           
   228                           	psect	cstackCOMMON
   229  0070                     __pcstackCOMMON:	
   230  0070                     ?_main:	
   231  0070                     ?___awdiv:	
   232                           ; 1 bytes @ 0x0
   233                           
   234  0070                     ?___awmod:	
   235                           ; 2 bytes @ 0x0
   236                           
   237  0070                     ?___lwdiv:	
   238                           ; 2 bytes @ 0x0
   239                           
   240  0070                     ?___lwmod:	
   241                           ; 2 bytes @ 0x0
   242                           
   243  0070                     ___awdiv@divisor:	
   244                           ; 2 bytes @ 0x0
   245                           
   246  0070                     ___awmod@divisor:	
   247                           ; 2 bytes @ 0x0
   248                           
   249  0070                     ___lwdiv@divisor:	
   250                           ; 2 bytes @ 0x0
   251                           
   252  0070                     ___lwmod@divisor:	
   253                           ; 2 bytes @ 0x0
   254                           
   255                           
   256                           ; 2 bytes @ 0x0
   257  0070                     	ds	2
   258  0072                     ___awdiv@dividend:	
   259  0072                     ___awmod@dividend:	
   260                           ; 2 bytes @ 0x2
   261                           
   262  0072                     ___lwdiv@dividend:	
   263                           ; 2 bytes @ 0x2
   264                           
   265  0072                     ___lwmod@dividend:	
   266                           ; 2 bytes @ 0x2
   267                           
   268                           
   269                           ; 2 bytes @ 0x2
   270  0072                     	ds	2
   271  0074                     ??___awdiv:	
   272  0074                     ??___awmod:	
   273                           ; 1 bytes @ 0x4
   274                           
   275  0074                     ??___lwdiv:	
   276                           ; 1 bytes @ 0x4
   277                           
   278  0074                     ??___lwmod:	
   279                           ; 1 bytes @ 0x4
   280                           
   281                           
   282                           ; 1 bytes @ 0x4
   283  0074                     	ds	1
   284  0075                     ___awdiv@counter:	
   285  0075                     ___awmod@counter:	
   286                           ; 1 bytes @ 0x5
   287                           
   288  0075                     ___lwmod@counter:	
   289                           ; 1 bytes @ 0x5
   290                           
   291  0075                     ___lwdiv@quotient:	
   292                           ; 1 bytes @ 0x5
   293                           
   294                           
   295                           ; 2 bytes @ 0x5
   296  0075                     	ds	1
   297  0076                     ___awdiv@sign:	
   298  0076                     ___awmod@sign:	
   299                           ; 1 bytes @ 0x6
   300                           
   301                           
   302                           ; 1 bytes @ 0x6
   303  0076                     	ds	1
   304  0077                     ___lwdiv@counter:	
   305  0077                     ___awdiv@quotient:	
   306                           ; 1 bytes @ 0x7
   307                           
   308                           
   309                           ; 2 bytes @ 0x7
   310  0077                     	ds	2
   311  0079                     ??_main:	
   312                           
   313                           ; 1 bytes @ 0x9
   314  0079                     	ds	4
   315                           
   316                           	psect	cstackBANK0
   317  0020                     __pcstackBANK0:	
   318  0020                     main@seg:	
   319                           
   320                           ; 20 bytes @ 0x0
   321  0020                     	ds	20
   322  0034                     main@e:	
   323                           
   324                           ; 2 bytes @ 0x14
   325  0034                     	ds	2
   326  0036                     main@g:	
   327                           
   328                           ; 2 bytes @ 0x16
   329  0036                     	ds	2
   330  0038                     main@h:	
   331                           
   332                           ; 2 bytes @ 0x18
   333  0038                     	ds	2
   334  003A                     main@a:	
   335                           
   336                           ; 2 bytes @ 0x1A
   337  003A                     	ds	2
   338  003C                     main@c:	
   339                           
   340                           ; 2 bytes @ 0x1C
   341  003C                     	ds	2
   342  003E                     main@flag:	
   343                           
   344                           ; 2 bytes @ 0x1E
   345  003E                     	ds	2
   346  0040                     main@b:	
   347                           
   348                           ; 2 bytes @ 0x20
   349  0040                     	ds	2
   350  0042                     main@d:	
   351                           
   352                           ; 2 bytes @ 0x22
   353  0042                     	ds	2
   354  0044                     main@f:	
   355                           
   356                           ; 2 bytes @ 0x24
   357  0044                     	ds	2
   358  0046                     main@i:	
   359                           
   360                           ; 2 bytes @ 0x26
   361  0046                     	ds	2
   362                           
   363                           	psect	maintext
   364  06E9                     __pmaintext:	
   365 ;;
   366 ;;Main: autosize = 0, tempsize = 4, incstack = 0, save=0
   367 ;;
   368 ;; *************** function _main *****************
   369 ;; Defined at:
   370 ;;		line 33 in file "main7seg.c"
   371 ;; Parameters:    Size  Location     Type
   372 ;;		None
   373 ;; Auto vars:     Size  Location     Type
   374 ;;  seg            20    0[BANK0 ] unsigned int [10]
   375 ;;  i               2   38[BANK0 ] int 
   376 ;;  f               2   36[BANK0 ] unsigned int 
   377 ;;  d               2   34[BANK0 ] unsigned int 
   378 ;;  b               2   32[BANK0 ] unsigned int 
   379 ;;  flag            2   30[BANK0 ] int 
   380 ;;  c               2   28[BANK0 ] unsigned int 
   381 ;;  a               2   26[BANK0 ] unsigned int 
   382 ;;  h               2   24[BANK0 ] unsigned int 
   383 ;;  g               2   22[BANK0 ] unsigned int 
   384 ;;  e               2   20[BANK0 ] unsigned int 
   385 ;; Return value:  Size  Location     Type
   386 ;;                  1    wreg      void 
   387 ;; Registers used:
   388 ;;		wreg, fsr0l, fsr0h, status,2, status,0, btemp+1, pclath, cstack
   389 ;; Tracked objects:
   390 ;;		On entry : B00/0
   391 ;;		On exit  : 0/0
   392 ;;		Unchanged: 0/0
   393 ;; Data sizes:     COMMON   BANK0   BANK1   BANK3   BANK2
   394 ;;      Params:         0       0       0       0       0
   395 ;;      Locals:         0      40       0       0       0
   396 ;;      Temps:          4       0       0       0       0
   397 ;;      Totals:         4      40       0       0       0
   398 ;;Total ram usage:       44 bytes
   399 ;; Hardware stack levels required when called:    1
   400 ;; This function calls:
   401 ;;		___awdiv
   402 ;;		___awmod
   403 ;;		___lwdiv
   404 ;;		___lwmod
   405 ;; This function is called by:
   406 ;;		Startup code after reset
   407 ;; This function uses a non-reentrant model
   408 ;;
   409                           
   410                           
   411                           ;psect for function _main
   412  06E9                     _main:	
   413                           
   414                           ;main7seg.c: 34: unsigned int a,b,c,d,e,f,g,h;
   415                           ;main7seg.c: 35: int i = 0;
   416                           
   417                           ;incstack = 0
   418                           ; Regs used in _main: [wreg-fsr0h+status,2+status,0+btemp+1+pclath+cstack]
   419  06E9  1283               	bcf	3,5	;RP0=0, select bank0
   420  06EA  1303               	bcf	3,6	;RP1=0, select bank0
   421  06EB  01C6               	clrf	main@i
   422  06EC  01C7               	clrf	main@i+1
   423                           
   424                           ;main7seg.c: 36: int flag =0;
   425  06ED  01BE               	clrf	main@flag
   426  06EE  01BF               	clrf	main@flag+1
   427                           
   428                           ;main7seg.c: 38: unsigned int seg[]={0X3F,
   429                           ;main7seg.c: 39: 0X06,
   430                           ;main7seg.c: 40: 0X5B,
   431                           ;main7seg.c: 41: 0X4F,
   432                           ;main7seg.c: 42: 0X66,
   433                           ;main7seg.c: 43: 0X6D,
   434                           ;main7seg.c: 44: 0X7C,
   435                           ;main7seg.c: 45: 0X07,
   436                           ;main7seg.c: 46: 0X7F,
   437                           ;main7seg.c: 47: 0X6F
   438                           ;main7seg.c: 48: };
   439  06EF  3020               	movlw	main@seg& (0+255)
   440  06F0  0084               	movwf	4
   441  06F1  3048               	movlw	low main@F1663
   442  06F2  00F9               	movwf	??_main
   443  06F3  0804               	movf	4,w
   444  06F4  00FA               	movwf	??_main+1
   445  06F5  3014               	movlw	20
   446  06F6  00FB               	movwf	??_main+2
   447  06F7                     u710:	
   448  06F7  0879               	movf	??_main,w
   449  06F8  0084               	movwf	4
   450  06F9  1383               	bcf	3,7	;select IRP bank0
   451  06FA  0800               	movf	0,w
   452  06FB  00FC               	movwf	??_main+3
   453  06FC  0AF9               	incf	??_main,f
   454  06FD  087A               	movf	??_main+1,w
   455  06FE  0084               	movwf	4
   456  06FF  087C               	movf	??_main+3,w
   457  0700  0080               	movwf	0
   458  0701  0AFA               	incf	??_main+1,f
   459  0702  0BFB               	decfsz	??_main+2,f
   460  0703  2EF7               	goto	u710
   461                           
   462                           ;main7seg.c: 51: TRISE=0X00;
   463  0704  1683               	bsf	3,5	;RP0=1, select bank1
   464  0705  1303               	bcf	3,6	;RP1=0, select bank1
   465  0706  0189               	clrf	9	;volatile
   466                           
   467                           ;main7seg.c: 52: PORTE=0X00;
   468  0707  1283               	bcf	3,5	;RP0=0, select bank0
   469  0708  1303               	bcf	3,6	;RP1=0, select bank0
   470  0709  0189               	clrf	9	;volatile
   471                           
   472                           ;main7seg.c: 53: TRISD=0x00;
   473  070A  1683               	bsf	3,5	;RP0=1, select bank1
   474  070B  1303               	bcf	3,6	;RP1=0, select bank1
   475  070C  0188               	clrf	8	;volatile
   476                           
   477                           ;main7seg.c: 54: PORTD=0X00;
   478  070D  1283               	bcf	3,5	;RP0=0, select bank0
   479  070E  1303               	bcf	3,6	;RP1=0, select bank0
   480  070F  0188               	clrf	8	;volatile
   481  0710                     l881:	
   482                           ;main7seg.c: 78: while(1)
   483                           
   484                           
   485                           ;main7seg.c: 79: {
   486                           ;main7seg.c: 86: a=i%10;
   487  0710  300A               	movlw	10
   488  0711  00F0               	movwf	___awmod@divisor
   489  0712  3000               	movlw	0
   490  0713  00F1               	movwf	___awmod@divisor+1
   491  0714  0847               	movf	main@i+1,w
   492  0715  00F3               	movwf	___awmod@dividend+1
   493  0716  0846               	movf	main@i,w
   494  0717  00F2               	movwf	___awmod@dividend
   495  0718  120A  118A  2645  120A  118A  	fcall	___awmod
   496  071D  0871               	movf	?___awmod+1,w
   497  071E  1283               	bcf	3,5	;RP0=0, select bank0
   498  071F  1303               	bcf	3,6	;RP1=0, select bank0
   499  0720  00BB               	movwf	main@a+1
   500  0721  0870               	movf	?___awmod,w
   501  0722  00BA               	movwf	main@a
   502                           
   503                           ;main7seg.c: 87: b=i/10;
   504  0723  300A               	movlw	10
   505  0724  00F0               	movwf	___awdiv@divisor
   506  0725  3000               	movlw	0
   507  0726  00F1               	movwf	___awdiv@divisor+1
   508  0727  0847               	movf	main@i+1,w
   509  0728  00F3               	movwf	___awdiv@dividend+1
   510  0729  0846               	movf	main@i,w
   511  072A  00F2               	movwf	___awdiv@dividend
   512  072B  120A  118A  2690  120A  118A  	fcall	___awdiv
   513  0730  0871               	movf	?___awdiv+1,w
   514  0731  1283               	bcf	3,5	;RP0=0, select bank0
   515  0732  1303               	bcf	3,6	;RP1=0, select bank0
   516  0733  00C1               	movwf	main@b+1
   517  0734  0870               	movf	?___awdiv,w
   518  0735  00C0               	movwf	main@b
   519                           
   520                           ;main7seg.c: 88: c=b%10;
   521  0736  300A               	movlw	10
   522  0737  00F0               	movwf	___lwmod@divisor
   523  0738  3000               	movlw	0
   524  0739  00F1               	movwf	___lwmod@divisor+1
   525  073A  0841               	movf	main@b+1,w
   526  073B  00F3               	movwf	___lwmod@dividend+1
   527  073C  0840               	movf	main@b,w
   528  073D  00F2               	movwf	___lwmod@dividend
   529  073E  120A  118A  25D7  120A  118A  	fcall	___lwmod
   530  0743  0871               	movf	?___lwmod+1,w
   531  0744  1283               	bcf	3,5	;RP0=0, select bank0
   532  0745  1303               	bcf	3,6	;RP1=0, select bank0
   533  0746  00BD               	movwf	main@c+1
   534  0747  0870               	movf	?___lwmod,w
   535  0748  00BC               	movwf	main@c
   536                           
   537                           ;main7seg.c: 89: d=b/10;
   538  0749  300A               	movlw	10
   539  074A  00F0               	movwf	___lwdiv@divisor
   540  074B  3000               	movlw	0
   541  074C  00F1               	movwf	___lwdiv@divisor+1
   542  074D  0841               	movf	main@b+1,w
   543  074E  00F3               	movwf	___lwdiv@dividend+1
   544  074F  0840               	movf	main@b,w
   545  0750  00F2               	movwf	___lwdiv@dividend
   546  0751  120A  118A  2609  120A  118A  	fcall	___lwdiv
   547  0756  0871               	movf	?___lwdiv+1,w
   548  0757  1283               	bcf	3,5	;RP0=0, select bank0
   549  0758  1303               	bcf	3,6	;RP1=0, select bank0
   550  0759  00C3               	movwf	main@d+1
   551  075A  0870               	movf	?___lwdiv,w
   552  075B  00C2               	movwf	main@d
   553                           
   554                           ;main7seg.c: 90: e=d%10;
   555  075C  300A               	movlw	10
   556  075D  00F0               	movwf	___lwmod@divisor
   557  075E  3000               	movlw	0
   558  075F  00F1               	movwf	___lwmod@divisor+1
   559  0760  0843               	movf	main@d+1,w
   560  0761  00F3               	movwf	___lwmod@dividend+1
   561  0762  0842               	movf	main@d,w
   562  0763  00F2               	movwf	___lwmod@dividend
   563  0764  120A  118A  25D7  120A  118A  	fcall	___lwmod
   564  0769  0871               	movf	?___lwmod+1,w
   565  076A  1283               	bcf	3,5	;RP0=0, select bank0
   566  076B  1303               	bcf	3,6	;RP1=0, select bank0
   567  076C  00B5               	movwf	main@e+1
   568  076D  0870               	movf	?___lwmod,w
   569  076E  00B4               	movwf	main@e
   570                           
   571                           ;main7seg.c: 91: f=d/10;
   572  076F  300A               	movlw	10
   573  0770  00F0               	movwf	___lwdiv@divisor
   574  0771  3000               	movlw	0
   575  0772  00F1               	movwf	___lwdiv@divisor+1
   576  0773  0843               	movf	main@d+1,w
   577  0774  00F3               	movwf	___lwdiv@dividend+1
   578  0775  0842               	movf	main@d,w
   579  0776  00F2               	movwf	___lwdiv@dividend
   580  0777  120A  118A  2609  120A  118A  	fcall	___lwdiv
   581  077C  0871               	movf	?___lwdiv+1,w
   582  077D  1283               	bcf	3,5	;RP0=0, select bank0
   583  077E  1303               	bcf	3,6	;RP1=0, select bank0
   584  077F  00C5               	movwf	main@f+1
   585  0780  0870               	movf	?___lwdiv,w
   586  0781  00C4               	movwf	main@f
   587                           
   588                           ;main7seg.c: 92: g=f%10;
   589  0782  300A               	movlw	10
   590  0783  00F0               	movwf	___lwmod@divisor
   591  0784  3000               	movlw	0
   592  0785  00F1               	movwf	___lwmod@divisor+1
   593  0786  0845               	movf	main@f+1,w
   594  0787  00F3               	movwf	___lwmod@dividend+1
   595  0788  0844               	movf	main@f,w
   596  0789  00F2               	movwf	___lwmod@dividend
   597  078A  120A  118A  25D7  120A  118A  	fcall	___lwmod
   598  078F  0871               	movf	?___lwmod+1,w
   599  0790  1283               	bcf	3,5	;RP0=0, select bank0
   600  0791  1303               	bcf	3,6	;RP1=0, select bank0
   601  0792  00B7               	movwf	main@g+1
   602  0793  0870               	movf	?___lwmod,w
   603  0794  00B6               	movwf	main@g
   604                           
   605                           ;main7seg.c: 93: h=f/10;
   606  0795  300A               	movlw	10
   607  0796  00F0               	movwf	___lwdiv@divisor
   608  0797  3000               	movlw	0
   609  0798  00F1               	movwf	___lwdiv@divisor+1
   610  0799  0845               	movf	main@f+1,w
   611  079A  00F3               	movwf	___lwdiv@dividend+1
   612  079B  0844               	movf	main@f,w
   613  079C  00F2               	movwf	___lwdiv@dividend
   614  079D  120A  118A  2609  120A  118A  	fcall	___lwdiv
   615  07A2  0871               	movf	?___lwdiv+1,w
   616  07A3  1283               	bcf	3,5	;RP0=0, select bank0
   617  07A4  1303               	bcf	3,6	;RP1=0, select bank0
   618  07A5  00B9               	movwf	main@h+1
   619  07A6  0870               	movf	?___lwdiv,w
   620  07A7  00B8               	movwf	main@h
   621                           
   622                           ;main7seg.c: 96: PORTD=seg[a];
   623  07A8  083A               	movf	main@a,w
   624  07A9  00F9               	movwf	??_main
   625  07AA  0779               	addwf	??_main,w
   626  07AB  3E20               	addlw	(low (main@seg| 0))& (0+255)
   627  07AC  0084               	movwf	4
   628  07AD  1383               	bcf	3,7	;select IRP bank0
   629  07AE  0800               	movf	0,w
   630  07AF  0088               	movwf	8	;volatile
   631                           
   632                           ;main7seg.c: 97: RE0=1;
   633  07B0  1409               	bsf	9,0	;volatile
   634                           
   635                           ;main7seg.c: 98: _delay((unsigned long)((5)*(20000000/4000.0)));
   636  07B1  3021               	movlw	33
   637  07B2  00FA               	movwf	??_main+1
   638  07B3  3076               	movlw	118
   639  07B4  00F9               	movwf	??_main
   640  07B5                     u737:	
   641  07B5  0BF9               	decfsz	??_main,f
   642  07B6  2FB5               	goto	u737
   643  07B7  0BFA               	decfsz	??_main+1,f
   644  07B8  2FB5               	goto	u737
   645  07B9  0000               	nop
   646                           
   647                           ;main7seg.c: 99: RE0=0;
   648  07BA  1283               	bcf	3,5	;RP0=0, select bank0
   649  07BB  1303               	bcf	3,6	;RP1=0, select bank0
   650  07BC  1009               	bcf	9,0	;volatile
   651                           
   652                           ;main7seg.c: 100: PORTD=seg[c];
   653  07BD  083C               	movf	main@c,w
   654  07BE  00F9               	movwf	??_main
   655  07BF  0779               	addwf	??_main,w
   656  07C0  3E20               	addlw	(low (main@seg| 0))& (0+255)
   657  07C1  0084               	movwf	4
   658  07C2  1383               	bcf	3,7	;select IRP bank0
   659  07C3  0800               	movf	0,w
   660  07C4  0088               	movwf	8	;volatile
   661                           
   662                           ;main7seg.c: 101: RE1=1;
   663  07C5  1489               	bsf	9,1	;volatile
   664                           
   665                           ;main7seg.c: 102: _delay((unsigned long)((5)*(20000000/4000.0)));
   666  07C6  3021               	movlw	33
   667  07C7  00FA               	movwf	??_main+1
   668  07C8  3076               	movlw	118
   669  07C9  00F9               	movwf	??_main
   670  07CA                     u747:	
   671  07CA  0BF9               	decfsz	??_main,f
   672  07CB  2FCA               	goto	u747
   673  07CC  0BFA               	decfsz	??_main+1,f
   674  07CD  2FCA               	goto	u747
   675  07CE  0000               	nop
   676                           
   677                           ;main7seg.c: 103: RE1=0;
   678  07CF  1283               	bcf	3,5	;RP0=0, select bank0
   679  07D0  1303               	bcf	3,6	;RP1=0, select bank0
   680  07D1  1089               	bcf	9,1	;volatile
   681                           
   682                           ;main7seg.c: 105: if(flag>=100)
   683  07D2  083F               	movf	main@flag+1,w
   684  07D3  3A80               	xorlw	128
   685  07D4  00FF               	movwf	127
   686  07D5  3080               	movlw	128
   687  07D6  027F               	subwf	127,w
   688  07D7  1D03               	skipz
   689  07D8  2FDB               	goto	u725
   690  07D9  3064               	movlw	100
   691  07DA  023E               	subwf	main@flag,w
   692  07DB                     u725:	
   693  07DB  1C03               	skipc
   694  07DC  2FE7               	goto	l919
   695                           
   696                           ;main7seg.c: 106: {
   697                           ;main7seg.c: 107: i++;flag=0;
   698  07DD  3001               	movlw	1
   699  07DE  1283               	bcf	3,5	;RP0=0, select bank0
   700  07DF  1303               	bcf	3,6	;RP1=0, select bank0
   701  07E0  07C6               	addwf	main@i,f
   702  07E1  1803               	skipnc
   703  07E2  0AC7               	incf	main@i+1,f
   704  07E3  3000               	movlw	0
   705  07E4  07C7               	addwf	main@i+1,f
   706  07E5  01BE               	clrf	main@flag
   707  07E6  01BF               	clrf	main@flag+1
   708  07E7                     l919:	
   709                           
   710                           ;main7seg.c: 108: }
   711                           ;main7seg.c: 109: flag++;
   712  07E7  3001               	movlw	1
   713  07E8  1283               	bcf	3,5	;RP0=0, select bank0
   714  07E9  1303               	bcf	3,6	;RP1=0, select bank0
   715  07EA  07BE               	addwf	main@flag,f
   716  07EB  1803               	skipnc
   717  07EC  0ABF               	incf	main@flag+1,f
   718  07ED  3000               	movlw	0
   719  07EE  07BF               	addwf	main@flag+1,f
   720  07EF  2F10               	goto	l881
   721  07F0                     __end_of_main:	
   722                           
   723                           	psect	text1
   724  05D7                     __ptext1:	
   725 ;; *************** function ___lwmod *****************
   726 ;; Defined at:
   727 ;;		line 6 in file "D:\mplab\sources\common\lwmod.c"
   728 ;; Parameters:    Size  Location     Type
   729 ;;  divisor         2    0[COMMON] unsigned int 
   730 ;;  dividend        2    2[COMMON] unsigned int 
   731 ;; Auto vars:     Size  Location     Type
   732 ;;  counter         1    5[COMMON] unsigned char 
   733 ;; Return value:  Size  Location     Type
   734 ;;                  2    0[COMMON] unsigned int 
   735 ;; Registers used:
   736 ;;		wreg, status,2, status,0
   737 ;; Tracked objects:
   738 ;;		On entry : 0/0
   739 ;;		On exit  : 0/0
   740 ;;		Unchanged: 0/0
   741 ;; Data sizes:     COMMON   BANK0   BANK1   BANK3   BANK2
   742 ;;      Params:         4       0       0       0       0
   743 ;;      Locals:         1       0       0       0       0
   744 ;;      Temps:          1       0       0       0       0
   745 ;;      Totals:         6       0       0       0       0
   746 ;;Total ram usage:        6 bytes
   747 ;; Hardware stack levels used:    1
   748 ;; This function calls:
   749 ;;		Nothing
   750 ;; This function is called by:
   751 ;;		_main
   752 ;; This function uses a non-reentrant model
   753 ;;
   754                           
   755                           
   756                           ;psect for function ___lwmod
   757  05D7                     ___lwmod:	
   758                           
   759                           ;incstack = 0
   760                           ; Regs used in ___lwmod: [wreg+status,2+status,0]
   761  05D7  0870               	movf	___lwmod@divisor,w
   762  05D8  0471               	iorwf	___lwmod@divisor+1,w
   763  05D9  1903               	btfsc	3,2
   764  05DA  2E04               	goto	l865
   765  05DB  01F5               	clrf	___lwmod@counter
   766  05DC  0AF5               	incf	___lwmod@counter,f
   767  05DD                     l855:	
   768  05DD  1BF1               	btfsc	___lwmod@divisor+1,7
   769  05DE  2DEB               	goto	l857
   770  05DF  3001               	movlw	1
   771  05E0                     u665:	
   772  05E0  1003               	clrc
   773  05E1  0DF0               	rlf	___lwmod@divisor,f
   774  05E2  0DF1               	rlf	___lwmod@divisor+1,f
   775  05E3  3EFF               	addlw	-1
   776  05E4  1D03               	skipz
   777  05E5  2DE0               	goto	u665
   778  05E6  3001               	movlw	1
   779  05E7  00F4               	movwf	??___lwmod
   780  05E8  0874               	movf	??___lwmod,w
   781  05E9  07F5               	addwf	___lwmod@counter,f
   782  05EA  2DDD               	goto	l855
   783  05EB                     l857:	
   784  05EB  0871               	movf	___lwmod@divisor+1,w
   785  05EC  0273               	subwf	___lwmod@dividend+1,w
   786  05ED  1D03               	skipz
   787  05EE  2DF1               	goto	u685
   788  05EF  0870               	movf	___lwmod@divisor,w
   789  05F0  0272               	subwf	___lwmod@dividend,w
   790  05F1                     u685:	
   791  05F1  1C03               	skipc
   792  05F2  2DF9               	goto	l861
   793  05F3  0870               	movf	___lwmod@divisor,w
   794  05F4  02F2               	subwf	___lwmod@dividend,f
   795  05F5  0871               	movf	___lwmod@divisor+1,w
   796  05F6  1C03               	skipc
   797  05F7  03F3               	decf	___lwmod@dividend+1,f
   798  05F8  02F3               	subwf	___lwmod@dividend+1,f
   799  05F9                     l861:	
   800  05F9  3001               	movlw	1
   801  05FA                     u695:	
   802  05FA  1003               	clrc
   803  05FB  0CF1               	rrf	___lwmod@divisor+1,f
   804  05FC  0CF0               	rrf	___lwmod@divisor,f
   805  05FD  3EFF               	addlw	-1
   806  05FE  1D03               	skipz
   807  05FF  2DFA               	goto	u695
   808  0600  3001               	movlw	1
   809  0601  02F5               	subwf	___lwmod@counter,f
   810  0602  1D03               	btfss	3,2
   811  0603  2DEB               	goto	l857
   812  0604                     l865:	
   813  0604  0873               	movf	___lwmod@dividend+1,w
   814  0605  00F1               	movwf	?___lwmod+1
   815  0606  0872               	movf	___lwmod@dividend,w
   816  0607  00F0               	movwf	?___lwmod
   817  0608  0008               	return
   818  0609                     __end_of___lwmod:	
   819                           
   820                           	psect	text2
   821  0609                     __ptext2:	
   822 ;; *************** function ___lwdiv *****************
   823 ;; Defined at:
   824 ;;		line 6 in file "D:\mplab\sources\common\lwdiv.c"
   825 ;; Parameters:    Size  Location     Type
   826 ;;  divisor         2    0[COMMON] unsigned int 
   827 ;;  dividend        2    2[COMMON] unsigned int 
   828 ;; Auto vars:     Size  Location     Type
   829 ;;  quotient        2    5[COMMON] unsigned int 
   830 ;;  counter         1    7[COMMON] unsigned char 
   831 ;; Return value:  Size  Location     Type
   832 ;;                  2    0[COMMON] unsigned int 
   833 ;; Registers used:
   834 ;;		wreg, status,2, status,0
   835 ;; Tracked objects:
   836 ;;		On entry : 0/0
   837 ;;		On exit  : 0/0
   838 ;;		Unchanged: 0/0
   839 ;; Data sizes:     COMMON   BANK0   BANK1   BANK3   BANK2
   840 ;;      Params:         4       0       0       0       0
   841 ;;      Locals:         3       0       0       0       0
   842 ;;      Temps:          1       0       0       0       0
   843 ;;      Totals:         8       0       0       0       0
   844 ;;Total ram usage:        8 bytes
   845 ;; Hardware stack levels used:    1
   846 ;; This function calls:
   847 ;;		Nothing
   848 ;; This function is called by:
   849 ;;		_main
   850 ;; This function uses a non-reentrant model
   851 ;;
   852                           
   853                           
   854                           ;psect for function ___lwdiv
   855  0609                     ___lwdiv:	
   856                           
   857                           ;incstack = 0
   858                           ; Regs used in ___lwdiv: [wreg+status,2+status,0]
   859  0609  01F5               	clrf	___lwdiv@quotient
   860  060A  01F6               	clrf	___lwdiv@quotient+1
   861  060B  0870               	movf	___lwdiv@divisor,w
   862  060C  0471               	iorwf	___lwdiv@divisor+1,w
   863  060D  1903               	btfsc	3,2
   864  060E  2E40               	goto	l843
   865  060F  01F7               	clrf	___lwdiv@counter
   866  0610  0AF7               	incf	___lwdiv@counter,f
   867  0611                     l831:	
   868  0611  1BF1               	btfsc	___lwdiv@divisor+1,7
   869  0612  2E1F               	goto	l833
   870  0613  3001               	movlw	1
   871  0614                     u595:	
   872  0614  1003               	clrc
   873  0615  0DF0               	rlf	___lwdiv@divisor,f
   874  0616  0DF1               	rlf	___lwdiv@divisor+1,f
   875  0617  3EFF               	addlw	-1
   876  0618  1D03               	skipz
   877  0619  2E14               	goto	u595
   878  061A  3001               	movlw	1
   879  061B  00F4               	movwf	??___lwdiv
   880  061C  0874               	movf	??___lwdiv,w
   881  061D  07F7               	addwf	___lwdiv@counter,f
   882  061E  2E11               	goto	l831
   883  061F                     l833:	
   884  061F  3001               	movlw	1
   885  0620                     u615:	
   886  0620  1003               	clrc
   887  0621  0DF5               	rlf	___lwdiv@quotient,f
   888  0622  0DF6               	rlf	___lwdiv@quotient+1,f
   889  0623  3EFF               	addlw	-1
   890  0624  1D03               	skipz
   891  0625  2E20               	goto	u615
   892  0626  0871               	movf	___lwdiv@divisor+1,w
   893  0627  0273               	subwf	___lwdiv@dividend+1,w
   894  0628  1D03               	skipz
   895  0629  2E2C               	goto	u625
   896  062A  0870               	movf	___lwdiv@divisor,w
   897  062B  0272               	subwf	___lwdiv@dividend,w
   898  062C                     u625:	
   899  062C  1C03               	skipc
   900  062D  2E35               	goto	l839
   901  062E  0870               	movf	___lwdiv@divisor,w
   902  062F  02F2               	subwf	___lwdiv@dividend,f
   903  0630  0871               	movf	___lwdiv@divisor+1,w
   904  0631  1C03               	skipc
   905  0632  03F3               	decf	___lwdiv@dividend+1,f
   906  0633  02F3               	subwf	___lwdiv@dividend+1,f
   907  0634  1475               	bsf	___lwdiv@quotient,0
   908  0635                     l839:	
   909  0635  3001               	movlw	1
   910  0636                     u635:	
   911  0636  1003               	clrc
   912  0637  0CF1               	rrf	___lwdiv@divisor+1,f
   913  0638  0CF0               	rrf	___lwdiv@divisor,f
   914  0639  3EFF               	addlw	-1
   915  063A  1D03               	skipz
   916  063B  2E36               	goto	u635
   917  063C  3001               	movlw	1
   918  063D  02F7               	subwf	___lwdiv@counter,f
   919  063E  1D03               	btfss	3,2
   920  063F  2E1F               	goto	l833
   921  0640                     l843:	
   922  0640  0876               	movf	___lwdiv@quotient+1,w
   923  0641  00F1               	movwf	?___lwdiv+1
   924  0642  0875               	movf	___lwdiv@quotient,w
   925  0643  00F0               	movwf	?___lwdiv
   926  0644  0008               	return
   927  0645                     __end_of___lwdiv:	
   928                           
   929                           	psect	text3
   930  0645                     __ptext3:	
   931 ;; *************** function ___awmod *****************
   932 ;; Defined at:
   933 ;;		line 6 in file "D:\mplab\sources\common\awmod.c"
   934 ;; Parameters:    Size  Location     Type
   935 ;;  divisor         2    0[COMMON] int 
   936 ;;  dividend        2    2[COMMON] int 
   937 ;; Auto vars:     Size  Location     Type
   938 ;;  sign            1    6[COMMON] unsigned char 
   939 ;;  counter         1    5[COMMON] unsigned char 
   940 ;; Return value:  Size  Location     Type
   941 ;;                  2    0[COMMON] int 
   942 ;; Registers used:
   943 ;;		wreg, status,2, status,0
   944 ;; Tracked objects:
   945 ;;		On entry : 0/0
   946 ;;		On exit  : 0/0
   947 ;;		Unchanged: 0/0
   948 ;; Data sizes:     COMMON   BANK0   BANK1   BANK3   BANK2
   949 ;;      Params:         4       0       0       0       0
   950 ;;      Locals:         2       0       0       0       0
   951 ;;      Temps:          1       0       0       0       0
   952 ;;      Totals:         7       0       0       0       0
   953 ;;Total ram usage:        7 bytes
   954 ;; Hardware stack levels used:    1
   955 ;; This function calls:
   956 ;;		Nothing
   957 ;; This function is called by:
   958 ;;		_main
   959 ;; This function uses a non-reentrant model
   960 ;;
   961                           
   962                           
   963                           ;psect for function ___awmod
   964  0645                     ___awmod:	
   965                           
   966                           ;incstack = 0
   967                           ; Regs used in ___awmod: [wreg+status,2+status,0]
   968  0645  01F6               	clrf	___awmod@sign
   969  0646  1FF3               	btfss	___awmod@dividend+1,7
   970  0647  2E4F               	goto	l791
   971  0648  09F2               	comf	___awmod@dividend,f
   972  0649  09F3               	comf	___awmod@dividend+1,f
   973  064A  0AF2               	incf	___awmod@dividend,f
   974  064B  1903               	skipnz
   975  064C  0AF3               	incf	___awmod@dividend+1,f
   976  064D  01F6               	clrf	___awmod@sign
   977  064E  0AF6               	incf	___awmod@sign,f
   978  064F                     l791:	
   979  064F  1FF1               	btfss	___awmod@divisor+1,7
   980  0650  2E56               	goto	l795
   981  0651  09F0               	comf	___awmod@divisor,f
   982  0652  09F1               	comf	___awmod@divisor+1,f
   983  0653  0AF0               	incf	___awmod@divisor,f
   984  0654  1903               	skipnz
   985  0655  0AF1               	incf	___awmod@divisor+1,f
   986  0656                     l795:	
   987  0656  0870               	movf	___awmod@divisor,w
   988  0657  0471               	iorwf	___awmod@divisor+1,w
   989  0658  1903               	btfsc	3,2
   990  0659  2E83               	goto	l813
   991  065A  01F5               	clrf	___awmod@counter
   992  065B  0AF5               	incf	___awmod@counter,f
   993  065C                     l803:	
   994  065C  1BF1               	btfsc	___awmod@divisor+1,7
   995  065D  2E6A               	goto	l805
   996  065E  3001               	movlw	1
   997  065F                     u525:	
   998  065F  1003               	clrc
   999  0660  0DF0               	rlf	___awmod@divisor,f
  1000  0661  0DF1               	rlf	___awmod@divisor+1,f
  1001  0662  3EFF               	addlw	-1
  1002  0663  1D03               	skipz
  1003  0664  2E5F               	goto	u525
  1004  0665  3001               	movlw	1
  1005  0666  00F4               	movwf	??___awmod
  1006  0667  0874               	movf	??___awmod,w
  1007  0668  07F5               	addwf	___awmod@counter,f
  1008  0669  2E5C               	goto	l803
  1009  066A                     l805:	
  1010  066A  0871               	movf	___awmod@divisor+1,w
  1011  066B  0273               	subwf	___awmod@dividend+1,w
  1012  066C  1D03               	skipz
  1013  066D  2E70               	goto	u545
  1014  066E  0870               	movf	___awmod@divisor,w
  1015  066F  0272               	subwf	___awmod@dividend,w
  1016  0670                     u545:	
  1017  0670  1C03               	skipc
  1018  0671  2E78               	goto	l809
  1019  0672  0870               	movf	___awmod@divisor,w
  1020  0673  02F2               	subwf	___awmod@dividend,f
  1021  0674  0871               	movf	___awmod@divisor+1,w
  1022  0675  1C03               	skipc
  1023  0676  03F3               	decf	___awmod@dividend+1,f
  1024  0677  02F3               	subwf	___awmod@dividend+1,f
  1025  0678                     l809:	
  1026  0678  3001               	movlw	1
  1027  0679                     u555:	
  1028  0679  1003               	clrc
  1029  067A  0CF1               	rrf	___awmod@divisor+1,f
  1030  067B  0CF0               	rrf	___awmod@divisor,f
  1031  067C  3EFF               	addlw	-1
  1032  067D  1D03               	skipz
  1033  067E  2E79               	goto	u555
  1034  067F  3001               	movlw	1
  1035  0680  02F5               	subwf	___awmod@counter,f
  1036  0681  1D03               	btfss	3,2
  1037  0682  2E6A               	goto	l805
  1038  0683                     l813:	
  1039  0683  0876               	movf	___awmod@sign,w
  1040  0684  1903               	btfsc	3,2
  1041  0685  2E8B               	goto	l817
  1042  0686  09F2               	comf	___awmod@dividend,f
  1043  0687  09F3               	comf	___awmod@dividend+1,f
  1044  0688  0AF2               	incf	___awmod@dividend,f
  1045  0689  1903               	skipnz
  1046  068A  0AF3               	incf	___awmod@dividend+1,f
  1047  068B                     l817:	
  1048  068B  0873               	movf	___awmod@dividend+1,w
  1049  068C  00F1               	movwf	?___awmod+1
  1050  068D  0872               	movf	___awmod@dividend,w
  1051  068E  00F0               	movwf	?___awmod
  1052  068F  0008               	return
  1053  0690                     __end_of___awmod:	
  1054                           
  1055                           	psect	text4
  1056  0690                     __ptext4:	
  1057 ;; *************** function ___awdiv *****************
  1058 ;; Defined at:
  1059 ;;		line 6 in file "D:\mplab\sources\common\awdiv.c"
  1060 ;; Parameters:    Size  Location     Type
  1061 ;;  divisor         2    0[COMMON] int 
  1062 ;;  dividend        2    2[COMMON] int 
  1063 ;; Auto vars:     Size  Location     Type
  1064 ;;  quotient        2    7[COMMON] int 
  1065 ;;  sign            1    6[COMMON] unsigned char 
  1066 ;;  counter         1    5[COMMON] unsigned char 
  1067 ;; Return value:  Size  Location     Type
  1068 ;;                  2    0[COMMON] int 
  1069 ;; Registers used:
  1070 ;;		wreg, status,2, status,0
  1071 ;; Tracked objects:
  1072 ;;		On entry : 0/0
  1073 ;;		On exit  : 0/0
  1074 ;;		Unchanged: 0/0
  1075 ;; Data sizes:     COMMON   BANK0   BANK1   BANK3   BANK2
  1076 ;;      Params:         4       0       0       0       0
  1077 ;;      Locals:         4       0       0       0       0
  1078 ;;      Temps:          1       0       0       0       0
  1079 ;;      Totals:         9       0       0       0       0
  1080 ;;Total ram usage:        9 bytes
  1081 ;; Hardware stack levels used:    1
  1082 ;; This function calls:
  1083 ;;		Nothing
  1084 ;; This function is called by:
  1085 ;;		_main
  1086 ;; This function uses a non-reentrant model
  1087 ;;
  1088                           
  1089                           
  1090                           ;psect for function ___awdiv
  1091  0690                     ___awdiv:	
  1092                           
  1093                           ;incstack = 0
  1094                           ; Regs used in ___awdiv: [wreg+status,2+status,0]
  1095  0690  01F6               	clrf	___awdiv@sign
  1096  0691  1FF1               	btfss	___awdiv@divisor+1,7
  1097  0692  2E9A               	goto	l747
  1098  0693  09F0               	comf	___awdiv@divisor,f
  1099  0694  09F1               	comf	___awdiv@divisor+1,f
  1100  0695  0AF0               	incf	___awdiv@divisor,f
  1101  0696  1903               	skipnz
  1102  0697  0AF1               	incf	___awdiv@divisor+1,f
  1103  0698  01F6               	clrf	___awdiv@sign
  1104  0699  0AF6               	incf	___awdiv@sign,f
  1105  069A                     l747:	
  1106  069A  1FF3               	btfss	___awdiv@dividend+1,7
  1107  069B  2EA5               	goto	l753
  1108  069C  09F2               	comf	___awdiv@dividend,f
  1109  069D  09F3               	comf	___awdiv@dividend+1,f
  1110  069E  0AF2               	incf	___awdiv@dividend,f
  1111  069F  1903               	skipnz
  1112  06A0  0AF3               	incf	___awdiv@dividend+1,f
  1113  06A1  3001               	movlw	1
  1114  06A2  00F4               	movwf	??___awdiv
  1115  06A3  0874               	movf	??___awdiv,w
  1116  06A4  06F6               	xorwf	___awdiv@sign,f
  1117  06A5                     l753:	
  1118  06A5  01F7               	clrf	___awdiv@quotient
  1119  06A6  01F8               	clrf	___awdiv@quotient+1
  1120  06A7  0870               	movf	___awdiv@divisor,w
  1121  06A8  0471               	iorwf	___awdiv@divisor+1,w
  1122  06A9  1903               	btfsc	3,2
  1123  06AA  2EDC               	goto	l775
  1124  06AB  01F5               	clrf	___awdiv@counter
  1125  06AC  0AF5               	incf	___awdiv@counter,f
  1126  06AD                     l763:	
  1127  06AD  1BF1               	btfsc	___awdiv@divisor+1,7
  1128  06AE  2EBB               	goto	l765
  1129  06AF  3001               	movlw	1
  1130  06B0                     u425:	
  1131  06B0  1003               	clrc
  1132  06B1  0DF0               	rlf	___awdiv@divisor,f
  1133  06B2  0DF1               	rlf	___awdiv@divisor+1,f
  1134  06B3  3EFF               	addlw	-1
  1135  06B4  1D03               	skipz
  1136  06B5  2EB0               	goto	u425
  1137  06B6  3001               	movlw	1
  1138  06B7  00F4               	movwf	??___awdiv
  1139  06B8  0874               	movf	??___awdiv,w
  1140  06B9  07F5               	addwf	___awdiv@counter,f
  1141  06BA  2EAD               	goto	l763
  1142  06BB                     l765:	
  1143  06BB  3001               	movlw	1
  1144  06BC                     u445:	
  1145  06BC  1003               	clrc
  1146  06BD  0DF7               	rlf	___awdiv@quotient,f
  1147  06BE  0DF8               	rlf	___awdiv@quotient+1,f
  1148  06BF  3EFF               	addlw	-1
  1149  06C0  1D03               	skipz
  1150  06C1  2EBC               	goto	u445
  1151  06C2  0871               	movf	___awdiv@divisor+1,w
  1152  06C3  0273               	subwf	___awdiv@dividend+1,w
  1153  06C4  1D03               	skipz
  1154  06C5  2EC8               	goto	u455
  1155  06C6  0870               	movf	___awdiv@divisor,w
  1156  06C7  0272               	subwf	___awdiv@dividend,w
  1157  06C8                     u455:	
  1158  06C8  1C03               	skipc
  1159  06C9  2ED1               	goto	l771
  1160  06CA  0870               	movf	___awdiv@divisor,w
  1161  06CB  02F2               	subwf	___awdiv@dividend,f
  1162  06CC  0871               	movf	___awdiv@divisor+1,w
  1163  06CD  1C03               	skipc
  1164  06CE  03F3               	decf	___awdiv@dividend+1,f
  1165  06CF  02F3               	subwf	___awdiv@dividend+1,f
  1166  06D0  1477               	bsf	___awdiv@quotient,0
  1167  06D1                     l771:	
  1168  06D1  3001               	movlw	1
  1169  06D2                     u465:	
  1170  06D2  1003               	clrc
  1171  06D3  0CF1               	rrf	___awdiv@divisor+1,f
  1172  06D4  0CF0               	rrf	___awdiv@divisor,f
  1173  06D5  3EFF               	addlw	-1
  1174  06D6  1D03               	skipz
  1175  06D7  2ED2               	goto	u465
  1176  06D8  3001               	movlw	1
  1177  06D9  02F5               	subwf	___awdiv@counter,f
  1178  06DA  1D03               	btfss	3,2
  1179  06DB  2EBB               	goto	l765
  1180  06DC                     l775:	
  1181  06DC  0876               	movf	___awdiv@sign,w
  1182  06DD  1903               	btfsc	3,2
  1183  06DE  2EE4               	goto	l779
  1184  06DF  09F7               	comf	___awdiv@quotient,f
  1185  06E0  09F8               	comf	___awdiv@quotient+1,f
  1186  06E1  0AF7               	incf	___awdiv@quotient,f
  1187  06E2  1903               	skipnz
  1188  06E3  0AF8               	incf	___awdiv@quotient+1,f
  1189  06E4                     l779:	
  1190  06E4  0878               	movf	___awdiv@quotient+1,w
  1191  06E5  00F1               	movwf	?___awdiv+1
  1192  06E6  0877               	movf	___awdiv@quotient,w
  1193  06E7  00F0               	movwf	?___awdiv
  1194  06E8  0008               	return
  1195  06E9                     __end_of___awdiv:	
  1196  007E                     btemp	set	126	;btemp
  1197  007E                     wtemp0	set	126


Data Sizes:
    Strings     0
    Constant    0
    Data        20
    BSS         0
    Persistent  0
    Stack       0

Auto Spaces:
    Space          Size  Autos    Used
    COMMON           14     13      13
    BANK0            80     40      60
    BANK1            80      0       0
    BANK3            96      0       0
    BANK2            96      0       0

Pointer List with Targets:

    None.

Critical Paths under _main in COMMON

    _main->___awdiv

Critical Paths under _main in BANK0

    None.

Critical Paths under _main in BANK1

    None.

Critical Paths under _main in BANK3

    None.

Critical Paths under _main in BANK2

    None.

Call Graph Tables:

 ---------------------------------------------------------------------------------
 (Depth) Function   	        Calls       Base Space   Used Autos Params    Refs
 ---------------------------------------------------------------------------------
 (0) _main                                                44    44      0    2067
                                              9 COMMON     4     4      0
                                              0 BANK0     40    40      0
                            ___awdiv
                            ___awmod
                            ___lwdiv
                            ___lwmod
 ---------------------------------------------------------------------------------
 (1) ___lwmod                                              6     2      4     477
                                              0 COMMON     6     2      4
 ---------------------------------------------------------------------------------
 (1) ___lwdiv                                              8     4      4     480
                                              0 COMMON     8     4      4
 ---------------------------------------------------------------------------------
 (1) ___awmod                                              7     3      4     402
                                              0 COMMON     7     3      4
 ---------------------------------------------------------------------------------
 (1) ___awdiv                                              9     5      4     406
                                              0 COMMON     9     5      4
 ---------------------------------------------------------------------------------
 Estimated maximum stack depth 1
 ---------------------------------------------------------------------------------

 Call Graph Graphs:

 _main (ROOT)
   ___awdiv
   ___awmod
   ___lwdiv
   ___lwmod

 Address spaces:
Name               Size   Autos  Total    Cost      Usage
BANK3               60      0       0       9        0.0%
BITBANK3            60      0       0       8        0.0%
SFR3                 0      0       0       4        0.0%
BITSFR3              0      0       0       4        0.0%
BANK2               60      0       0      11        0.0%
BITBANK2            60      0       0      10        0.0%
SFR2                 0      0       0       5        0.0%
BITSFR2              0      0       0       5        0.0%
BANK1               50      0       0       7        0.0%
BITBANK1            50      0       0       6        0.0%
SFR1                 0      0       0       2        0.0%
BITSFR1              0      0       0       2        0.0%
BANK0               50     28      3C       5       75.0%
BITBANK0            50      0       0       4        0.0%
SFR0                 0      0       0       1        0.0%
BITSFR0              0      0       0       1        0.0%
COMMON               E      D       D       1       92.9%
BITCOMMON            E      0       0       0        0.0%
CODE                 0      0       0       0        0.0%
DATA                 0      0      49      12        0.0%
ABS                  0      0      49       3        0.0%
NULL                 0      0       0       0        0.0%
STACK                0      0       0       2        0.0%
EEDATA             100      0       0       0        0.0%


Microchip Technology PIC Macro Assembler V1.41 build -162212810 
Symbol Table                                                                                   Mon Oct 26 08:29:56 2020

                      pc 0002              __CFG_CP$OFF 0000             ___awdiv@sign 0076  
                     fsr 0004                      l803 065C                      l805 066A  
                    l813 0683                      l831 0611                      l753 06A5  
                    l817 068B                      l809 0678                      l833 061F  
                    l771 06D1                      l763 06AD                      l747 069A  
                    l843 0640                      l765 06BB                      l861 05F9  
                    l775 06DC                      l791 064F                      l839 0635  
                    l855 05DD                      l919 07E7                      l857 05EB  
                    l865 0604                      l881 0710                      l779 06E4  
                    l795 0656                      _RE0 0048                      _RE1 0049  
                    u425 06B0             __CFG_CPD$OFF 0000                      u445 06BC  
                    u525 065F                      u710 06F7                      u455 06C8  
                    u615 0620                      u465 06D2                      u545 0670  
                    u625 062C                      u555 0679                      u635 0636  
                    u725 07DB                      u665 05E0                      u737 07B5  
                    u595 0614                      u747 07CA                      u685 05F1  
                    u695 05FA                      fsr0 0004                      indf 0000  
           ___awmod@sign 0076             __CFG_FOSC$HS 0000             __CFG_LVP$OFF 0000  
                   _CREN 00C4                     _RCIF 0065                     _TXIF 0064  
           __CFG_WRT$OFF 0000                     _main 06E9                     btemp 007E  
                   start 0000                    ?_main 0070          __end_of___awdiv 06E9  
          __CFG_WDTE$OFF 0000          __end_of___awmod 0690          ___awdiv@divisor 0070  
        __end_of___lwdiv 0645          __end_of___lwmod 0609          ___awdiv@counter 0075  
                  _RCREG 001A                    _RCSTA 0018                    _SPBRG 0099  
                  _PORTD 0008                    _PORTE 0009                    _TRISD 0088  
                  _TRISE 0089                    _TXREG 0019                    _TXSTA 0098  
                  main@a 003A                    main@b 0040                    main@c 003C  
                  main@d 0042                    main@e 0034                    main@f 0044  
                  main@g 0036                    main@h 0038                    main@i 0046  
         __CFG_BOREN$OFF 0000                    pclath 000A                    status 0003  
                  wtemp0 007E          __initialization 07F0             __end_of_main 07F0  
                 ??_main 0079         ___awdiv@dividend 0072                   _TRISC6 043E  
                 _TRISC7 043F           __CFG_PWRTE$OFF 0000                ??___awdiv 0074  
              ??___awmod 0074                ??___lwdiv 0074                ??___lwmod 0074  
       ___awdiv@quotient 0077          ___awmod@divisor 0070          ___awmod@counter 0075  
__end_of__initialization 07FC           __pcstackCOMMON 0070             __pidataBANK0 05C3  
             __pmaintext 06E9                  ___awdiv 0690                  ___awmod 0645  
                ___lwdiv 0609                  ___lwmod 05D7                  __ptext1 05D7  
                __ptext2 0609                  __ptext3 0645                  __ptext4 0690  
       ___awmod@dividend 0072                  main@seg 0020     end_of_initialization 07FC  
              _RCSTAbits 0018      start_initialization 07F0               init_fetch0 05B2  
            __pdataBANK0 0048                ___latbits 0002            __pcstackBANK0 0020  
       ___lwdiv@dividend 0072                 ?___awdiv 0070                 ?___awmod 0070  
               ?___lwdiv 0070                 ?___lwmod 0070         ___lwdiv@quotient 0075  
              main@F1663 0048         __size_of___awdiv 0059         __size_of___awmod 004B  
       __size_of___lwdiv 003C         __size_of___lwmod 0032          ___lwdiv@divisor 0070  
        ___lwdiv@counter 0077            __size_of_main 0107                 main@flag 003E  
               init_ram0 05B6         ___lwmod@dividend 0072          ___lwmod@divisor 0070  
        ___lwmod@counter 0075  
